2020 09 01=da=0&email=0&email_count=0&email_count_incoming=0&email_count_outgoing=0&ftp=0&http=3911&http_homedir=0&http_ul=241&imap=0&other=0&pop=0&total=3911
2020 09 02=da=0&email=0&email_count=0&email_count_incoming=0&email_count_outgoing=0&ftp=0&http=1796007&http_homedir=0&http_ul=159885&imap=0&other=0&pop=0&total=1796007
2020 09 03=da=0&email=0&email_count=0&email_count_incoming=0&email_count_outgoing=0&ftp=0&http=626801&http_homedir=0&http_ul=56863&imap=0&other=0&pop=0&total=626801
2020 09 04=da=0&email=0&email_count=0&email_count_incoming=0&email_count_outgoing=0&ftp=0&http=12633&http_homedir=0&http_ul=1689&imap=0&other=0&pop=0&total=12633
2020 09 05=da=0&email=0&email_count=0&email_count_incoming=0&email_count_outgoing=0&ftp=0&http=385636&http_homedir=0&http_ul=27207&imap=0&other=0&pop=0&total=385636
2020 09 06=da=0&email=0&email_count=0&email_count_incoming=0&email_count_outgoing=0&ftp=0&http=769142&http_homedir=0&http_ul=67065&imap=0&other=0&pop=0&total=769142
2020 09 07=da=0&email=0&email_count=0&email_count_incoming=0&email_count_outgoing=0&ftp=0&http=710047&http_homedir=0&http_ul=53640&imap=0&other=0&pop=0&total=710047
2020 09 08=da=0&email=0&email_count=0&email_count_incoming=0&email_count_outgoing=0&ftp=0&http=345498&http_homedir=0&http_ul=26870&imap=0&other=0&pop=0&total=345498
2020 09 09=da=0&email=0&email_count=0&email_count_incoming=0&email_count_outgoing=0&ftp=0&http=373484&http_homedir=0&http_ul=28690&imap=0&other=0&pop=0&total=373484
2020 09 10=da=0&email=0&email_count=0&email_count_incoming=0&email_count_outgoing=0&ftp=0&http=354555&http_homedir=0&http_ul=26325&imap=0&other=0&pop=0&total=354555
2020 09 11=da=0&email=0&email_count=0&email_count_incoming=0&email_count_outgoing=0&ftp=0&http=25811&http_homedir=0&http_ul=2523&imap=0&other=0&pop=0&total=25811
2020 09 12=da=0&email=0&email_count=0&email_count_incoming=0&email_count_outgoing=0&ftp=0&http=692737&http_homedir=0&http_ul=55250&imap=0&other=0&pop=0&total=692737
2020 09 13=da=0&email=0&email_count=0&email_count_incoming=0&email_count_outgoing=0&ftp=0&http=60527&http_homedir=0&http_ul=5041&imap=0&other=0&pop=0&total=60527
2020 09 14=da=0&email=0&email_count=0&email_count_incoming=0&email_count_outgoing=0&ftp=0&http=386985&http_homedir=0&http_ul=30701&imap=0&other=0&pop=0&total=386985
2020 09 15=da=0&email=0&email_count=0&email_count_incoming=0&email_count_outgoing=0&ftp=0&http=364912&http_homedir=0&http_ul=28557&imap=0&other=0&pop=0&total=364912
2020 09 16=da=0&email=0&email_count=0&email_count_incoming=0&email_count_outgoing=0&ftp=0&http=4028&http_homedir=0&http_ul=362&imap=0&other=0&pop=0&total=4028
2020 09 17=da=0&email=0&email_count=0&email_count_incoming=0&email_count_outgoing=0&ftp=0&http=1432512&http_homedir=0&http_ul=123233&imap=0&other=0&pop=0&total=1432512
2020 09 18=da=0&email=0&email_count=0&email_count_incoming=0&email_count_outgoing=0&ftp=0&http=353703&http_homedir=0&http_ul=26531&imap=0&other=0&pop=0&total=353703
2020 09 19=da=0&email=0&email_count=0&email_count_incoming=0&email_count_outgoing=0&ftp=0&http=710588&http_homedir=0&http_ul=56847&imap=0&other=0&pop=0&total=710588
2020 09 20=da=0&email=0&email_count=0&email_count_incoming=0&email_count_outgoing=0&ftp=0&http=717495&http_homedir=0&http_ul=59837&imap=0&other=0&pop=0&total=717495
2020 09 21=da=0&email=0&email_count=0&email_count_incoming=0&email_count_outgoing=0&ftp=0&http=42391&http_homedir=0&http_ul=1397&imap=0&other=0&pop=0&total=42391
2020 09 22=da=0&email=0&email_count=0&email_count_incoming=0&email_count_outgoing=0&ftp=0&http=10438&http_homedir=0&http_ul=128&imap=0&other=0&pop=0&total=10438
2020 09 23=da=0&email=0&email_count=0&email_count_incoming=0&email_count_outgoing=0&ftp=0&http=32329&http_homedir=0&http_ul=2027&imap=0&other=0&pop=0&total=32329
2020 09 24=da=0&email=0&email_count=0&email_count_incoming=0&email_count_outgoing=0&ftp=0&http=371251&http_homedir=0&http_ul=29045&imap=0&other=0&pop=0&total=371251
2020 09 25=da=0&email=0&email_count=0&email_count_incoming=0&email_count_outgoing=0&ftp=0&http=123099&http_homedir=0&http_ul=3667&imap=0&other=0&pop=0&total=123099
2020 09 26=da=0&email=0&email_count=0&email_count_incoming=0&email_count_outgoing=0&ftp=0&http=103862&http_homedir=0&http_ul=20791&imap=0&other=0&pop=0&total=103862
2020 09 27=da=0&email=0&email_count=0&email_count_incoming=0&email_count_outgoing=0&ftp=0&http=373109&http_homedir=0&http_ul=31057&imap=0&other=0&pop=0&total=373109
2020 09 28=da=0&email=0&email_count=0&email_count_incoming=0&email_count_outgoing=0&ftp=0&http=1691970&http_homedir=0&http_ul=99143&imap=0&other=0&pop=0&total=1691970
2020 09 29=da=0&email=0&email_count=0&email_count_incoming=0&email_count_outgoing=0&ftp=0&http=4755&http_homedir=0&http_ul=639&imap=0&other=0&pop=0&total=4755
simpletotal=12880216
total=da=0&email=0&email_count=0&email_count_incoming=0&email_count_outgoing=0&ftp=0&http=12880216&http_ul=1025251&imap=0&other=0&pop=0&total=12880216
