2020 12 01=da=0&email=0&email_count=0&email_count_incoming=0&email_count_outgoing=0&ftp=0&http=126521&http_homedir=0&http_ul=20986&imap=0&other=0&pop=0&total=126521
2020 12 02=da=0&email=0&email_count=0&email_count_incoming=0&email_count_outgoing=0&ftp=0&http=936917&http_homedir=0&http_ul=78756&imap=0&other=0&pop=0&total=936917
2020 12 03=da=0&email=0&email_count=0&email_count_incoming=0&email_count_outgoing=0&ftp=0&http=12506&http_homedir=0&http_ul=450&imap=0&other=0&pop=0&total=12506
2020 12 04=da=0&email=0&email_count=0&email_count_incoming=0&email_count_outgoing=0&ftp=0&http=2851249&http_homedir=0&http_ul=242975&imap=0&other=0&pop=0&total=2851249
2020 12 05=da=0&email=0&email_count=0&email_count_incoming=0&email_count_outgoing=0&ftp=0&http=3165916&http_homedir=0&http_ul=272796&imap=0&other=0&pop=0&total=3165916
2020 12 06=da=0&email=0&email_count=0&email_count_incoming=0&email_count_outgoing=0&ftp=0&http=2622817&http_homedir=0&http_ul=205424&imap=0&other=0&pop=0&total=2622817
2020 12 07=da=0&email=0&email_count=0&email_count_incoming=0&email_count_outgoing=0&ftp=0&http=1073418&http_homedir=0&http_ul=94321&imap=0&other=0&pop=0&total=1073418
2020 12 08=da=0&email=0&email_count=0&email_count_incoming=0&email_count_outgoing=0&ftp=0&http=0&http_homedir=0&http_ul=0&imap=0&other=0&pop=0&total=0
2020 12 09=da=0&email=0&email_count=0&email_count_incoming=0&email_count_outgoing=0&ftp=0&http=0&http_homedir=0&http_ul=0&imap=0&other=0&pop=0&total=0
2020 12 10=da=0&email=0&email_count=0&email_count_incoming=0&email_count_outgoing=0&ftp=0&http=0&http_homedir=0&http_ul=0&imap=0&other=0&pop=0&total=0
2020 12 11=da=0&email=0&email_count=0&email_count_incoming=0&email_count_outgoing=0&ftp=0&http=0&http_homedir=0&http_ul=0&imap=0&other=0&pop=0&total=0
2020 12 12=da=0&email=0&email_count=0&email_count_incoming=0&email_count_outgoing=0&ftp=0&http=0&http_homedir=0&http_ul=0&imap=0&other=0&pop=0&total=0
2020 12 13=da=0&email=0&email_count=0&email_count_incoming=0&email_count_outgoing=0&ftp=0&http=0&http_homedir=0&http_ul=0&imap=0&other=0&pop=0&total=0
2020 12 14=da=0&email=0&email_count=0&email_count_incoming=0&email_count_outgoing=0&ftp=0&http=0&http_homedir=0&http_ul=0&imap=0&other=0&pop=0&total=0
2020 12 15=da=0&email=0&email_count=0&email_count_incoming=0&email_count_outgoing=0&ftp=0&http=0&http_homedir=0&http_ul=0&imap=0&other=0&pop=0&total=0
2020 12 16=da=0&email=0&email_count=0&email_count_incoming=0&email_count_outgoing=0&ftp=0&http=0&http_homedir=0&http_ul=0&imap=0&other=0&pop=0&total=0
2020 12 17=da=0&email=0&email_count=0&email_count_incoming=0&email_count_outgoing=0&ftp=0&http=0&http_homedir=0&http_ul=0&imap=0&other=0&pop=0&total=0
2020 12 18=da=0&email=0&email_count=0&email_count_incoming=0&email_count_outgoing=0&ftp=0&http=0&http_homedir=0&http_ul=0&imap=0&other=0&pop=0&total=0
2020 12 19=da=0&email=0&email_count=0&email_count_incoming=0&email_count_outgoing=0&ftp=0&http=0&http_homedir=0&http_ul=0&imap=0&other=0&pop=0&total=0
2020 12 20=da=0&email=0&email_count=0&email_count_incoming=0&email_count_outgoing=0&ftp=0&http=0&http_homedir=0&http_ul=0&imap=0&other=0&pop=0&total=0
2020 12 21=da=0&email=0&email_count=0&email_count_incoming=0&email_count_outgoing=0&ftp=0&http=0&http_homedir=0&http_ul=0&imap=0&other=0&pop=0&total=0
2020 12 22=da=0&email=0&email_count=0&email_count_incoming=0&email_count_outgoing=0&ftp=0&http=0&http_homedir=0&http_ul=0&imap=0&other=0&pop=0&total=0
2020 12 23=da=0&email=0&email_count=0&email_count_incoming=0&email_count_outgoing=0&ftp=0&http=0&http_homedir=0&http_ul=0&imap=0&other=0&pop=0&total=0
2020 12 24=da=0&email=0&email_count=0&email_count_incoming=0&email_count_outgoing=0&ftp=0&http=0&http_homedir=0&http_ul=0&imap=0&other=0&pop=0&total=0
2020 12 25=da=0&email=0&email_count=0&email_count_incoming=0&email_count_outgoing=0&ftp=0&http=0&http_homedir=0&http_ul=0&imap=0&other=0&pop=0&total=0
2020 12 26=da=0&email=0&email_count=0&email_count_incoming=0&email_count_outgoing=0&ftp=0&http=0&http_homedir=0&http_ul=0&imap=0&other=0&pop=0&total=0
2020 12 27=da=0&email=0&email_count=0&email_count_incoming=0&email_count_outgoing=0&ftp=0&http=0&http_homedir=0&http_ul=0&imap=0&other=0&pop=0&total=0
2020 12 28=da=0&email=0&email_count=0&email_count_incoming=0&email_count_outgoing=0&ftp=0&http=0&http_homedir=0&http_ul=0&imap=0&other=0&pop=0&total=0
2020 12 29=da=0&email=0&email_count=0&email_count_incoming=0&email_count_outgoing=0&ftp=0&http=0&http_homedir=0&http_ul=0&imap=0&other=0&pop=0&total=0
2020 12 30=da=0&email=0&email_count=0&email_count_incoming=0&email_count_outgoing=0&ftp=0&http=0&http_homedir=0&http_ul=0&imap=0&other=0&pop=0&total=0
simpletotal=10789344
total=da=0&email=0&email_count=0&email_count_incoming=0&email_count_outgoing=0&ftp=0&http=10789344&http_ul=915708&imap=0&other=0&pop=0&total=10789344
