2020 08 01=da=61695415&email=0&email_count=0&email_count_incoming=0&email_count_outgoing=0&ftp=0&http=394427&http_homedir=0&http_ul=47387&imap=0&other=0&pop=0&total=62089842
2020 08 02=da=0&email=0&email_count=0&email_count_incoming=0&email_count_outgoing=0&ftp=0&http=287523&http_homedir=0&http_ul=9801&imap=0&other=0&pop=0&total=287523
2020 08 03=da=701759&email=0&email_count=0&email_count_incoming=0&email_count_outgoing=0&ftp=0&http=1056297&http_homedir=0&http_ul=18591&imap=0&other=0&pop=0&total=1758056
2020 08 04=da=0&email=0&email_count=0&email_count_incoming=0&email_count_outgoing=0&ftp=0&http=292424&http_homedir=0&http_ul=18406&imap=0&other=0&pop=0&total=292424
2020 08 05=da=0&email=0&email_count=0&email_count_incoming=0&email_count_outgoing=0&ftp=0&http=233767&http_homedir=0&http_ul=7280&imap=0&other=0&pop=0&total=233767
2020 08 06=da=0&email=0&email_count=0&email_count_incoming=0&email_count_outgoing=0&ftp=0&http=12121&http_homedir=0&http_ul=1473&imap=0&other=0&pop=0&total=12121
2020 08 07=da=0&email=0&email_count=0&email_count_incoming=0&email_count_outgoing=0&ftp=0&http=201654&http_homedir=0&http_ul=11094&imap=0&other=0&pop=0&total=201654
2020 08 08=da=0&email=0&email_count=0&email_count_incoming=0&email_count_outgoing=0&ftp=0&http=22175&http_homedir=0&http_ul=2259&imap=0&other=0&pop=0&total=22175
2020 08 09=da=0&email=0&email_count=0&email_count_incoming=0&email_count_outgoing=0&ftp=0&http=615&http_homedir=0&http_ul=161&imap=0&other=0&pop=0&total=615
2020 08 10=da=0&email=0&email_count=0&email_count_incoming=0&email_count_outgoing=0&ftp=0&http=15172&http_homedir=0&http_ul=2190&imap=0&other=0&pop=0&total=15172
2020 08 11=da=0&email=0&email_count=0&email_count_incoming=0&email_count_outgoing=0&ftp=0&http=13599&http_homedir=0&http_ul=1764&imap=0&other=0&pop=0&total=13599
2020 08 12=da=0&email=0&email_count=0&email_count_incoming=0&email_count_outgoing=0&ftp=0&http=45603&http_homedir=0&http_ul=5548&imap=0&other=0&pop=0&total=45603
2020 08 13=da=0&email=0&email_count=0&email_count_incoming=0&email_count_outgoing=0&ftp=0&http=19389&http_homedir=0&http_ul=2604&imap=0&other=0&pop=0&total=19389
2020 08 14=da=0&email=0&email_count=0&email_count_incoming=0&email_count_outgoing=0&ftp=0&http=25544&http_homedir=0&http_ul=2892&imap=0&other=0&pop=0&total=25544
2020 08 15=da=0&email=0&email_count=0&email_count_incoming=0&email_count_outgoing=0&ftp=0&http=12904&http_homedir=0&http_ul=1576&imap=0&other=0&pop=0&total=12904
2020 08 16=da=3405111&email=1036&email_count=1&email_count_incoming=0&email_count_outgoing=1&ftp=0&http=4821019&http_homedir=0&http_ul=624480&imap=0&other=0&pop=0&total=8227166
2020 08 17=da=0&email=0&email_count=0&email_count_incoming=0&email_count_outgoing=0&ftp=0&http=1369641&http_homedir=0&http_ul=147653&imap=0&other=0&pop=0&total=1369641
2020 08 18=da=0&email=0&email_count=0&email_count_incoming=0&email_count_outgoing=0&ftp=0&http=903683&http_homedir=0&http_ul=59721&imap=0&other=0&pop=0&total=903683
2020 08 19=da=0&email=0&email_count=0&email_count_incoming=0&email_count_outgoing=0&ftp=0&http=843381&http_homedir=0&http_ul=33281&imap=0&other=0&pop=0&total=843381
2020 08 20=da=0&email=0&email_count=0&email_count_incoming=0&email_count_outgoing=0&ftp=0&http=3078784&http_homedir=0&http_ul=206510&imap=0&other=0&pop=0&total=3078784
2020 08 21=da=0&email=0&email_count=0&email_count_incoming=0&email_count_outgoing=0&ftp=0&http=3164009&http_homedir=0&http_ul=273506&imap=0&other=0&pop=0&total=3164009
2020 08 22=da=0&email=0&email_count=0&email_count_incoming=0&email_count_outgoing=0&ftp=0&http=970985&http_homedir=0&http_ul=82914&imap=0&other=0&pop=0&total=970985
2020 08 23=da=0&email=0&email_count=0&email_count_incoming=0&email_count_outgoing=0&ftp=0&http=3514847&http_homedir=0&http_ul=178211&imap=0&other=0&pop=0&total=3514847
2020 08 24=da=0&email=0&email_count=0&email_count_incoming=0&email_count_outgoing=0&ftp=0&http=759447&http_homedir=0&http_ul=50799&imap=0&other=0&pop=0&total=759447
2020 08 25=da=0&email=0&email_count=0&email_count_incoming=0&email_count_outgoing=0&ftp=0&http=2730979&http_homedir=0&http_ul=102830&imap=0&other=0&pop=0&total=2730979
2020 08 26=da=0&email=0&email_count=0&email_count_incoming=0&email_count_outgoing=0&ftp=0&http=7439&http_homedir=0&http_ul=419&imap=0&other=0&pop=0&total=7439
2020 08 27=da=0&email=0&email_count=0&email_count_incoming=0&email_count_outgoing=0&ftp=0&http=550767&http_homedir=0&http_ul=29070&imap=0&other=0&pop=0&total=550767
2020 08 28=da=0&email=0&email_count=0&email_count_incoming=0&email_count_outgoing=0&ftp=0&http=301908&http_homedir=0&http_ul=1558&imap=0&other=0&pop=0&total=301908
2020 08 29=da=0&email=0&email_count=0&email_count_incoming=0&email_count_outgoing=0&ftp=0&http=672788&http_homedir=0&http_ul=49701&imap=0&other=0&pop=0&total=672788
2020 08 30=da=0&email=0&email_count=0&email_count_incoming=0&email_count_outgoing=0&ftp=0&http=374730&http_homedir=0&http_ul=30620&imap=0&other=0&pop=0&total=374730
simpletotal=92500942
total=da=65802285&email=1036&email_count=1&email_count_incoming=0&email_count_outgoing=1&ftp=0&http=26697621&http_ul=2004299&imap=0&other=0&pop=0&total=92500942
