2020 11 01=da=0&email=0&email_count=0&email_count_incoming=0&email_count_outgoing=0&ftp=0&http=615810&http_homedir=0&http_ul=52260&imap=0&other=0&pop=0&total=615810
2020 11 02=da=0&email=0&email_count=0&email_count_incoming=0&email_count_outgoing=0&ftp=0&http=1172688&http_homedir=0&http_ul=122288&imap=0&other=0&pop=0&total=1172688
2020 11 03=da=0&email=0&email_count=0&email_count_incoming=0&email_count_outgoing=0&ftp=0&http=6220&http_homedir=0&http_ul=334&imap=0&other=0&pop=0&total=6220
2020 11 04=da=0&email=0&email_count=0&email_count_incoming=0&email_count_outgoing=0&ftp=0&http=454288&http_homedir=0&http_ul=39490&imap=0&other=0&pop=0&total=454288
2020 11 05=da=0&email=0&email_count=0&email_count_incoming=0&email_count_outgoing=0&ftp=0&http=340088&http_homedir=0&http_ul=25858&imap=0&other=0&pop=0&total=340088
2020 11 06=da=0&email=0&email_count=0&email_count_incoming=0&email_count_outgoing=0&ftp=0&http=404222&http_homedir=0&http_ul=33440&imap=0&other=0&pop=0&total=404222
2020 11 07=da=0&email=0&email_count=0&email_count_incoming=0&email_count_outgoing=0&ftp=0&http=404624&http_homedir=0&http_ul=31548&imap=0&other=0&pop=0&total=404624
2020 11 08=da=0&email=0&email_count=0&email_count_incoming=0&email_count_outgoing=0&ftp=0&http=631721&http_homedir=0&http_ul=4857&imap=0&other=0&pop=0&total=631721
2020 11 09=da=0&email=0&email_count=0&email_count_incoming=0&email_count_outgoing=0&ftp=0&http=100052&http_homedir=0&http_ul=10219&imap=0&other=0&pop=0&total=100052
2020 11 10=da=0&email=0&email_count=0&email_count_incoming=0&email_count_outgoing=0&ftp=0&http=8037&http_homedir=0&http_ul=759&imap=0&other=0&pop=0&total=8037
2020 11 11=da=0&email=0&email_count=0&email_count_incoming=0&email_count_outgoing=0&ftp=0&http=786875&http_homedir=0&http_ul=67720&imap=0&other=0&pop=0&total=786875
2020 11 12=da=0&email=0&email_count=0&email_count_incoming=0&email_count_outgoing=0&ftp=0&http=698760&http_homedir=0&http_ul=57220&imap=0&other=0&pop=0&total=698760
2020 11 13=da=0&email=0&email_count=0&email_count_incoming=0&email_count_outgoing=0&ftp=0&http=115406&http_homedir=0&http_ul=10457&imap=0&other=0&pop=0&total=115406
2020 11 14=da=0&email=0&email_count=0&email_count_incoming=0&email_count_outgoing=0&ftp=0&http=97588&http_homedir=0&http_ul=4519&imap=0&other=0&pop=0&total=97588
2020 11 15=da=0&email=0&email_count=0&email_count_incoming=0&email_count_outgoing=0&ftp=0&http=9880&http_homedir=0&http_ul=512&imap=0&other=0&pop=0&total=9880
2020 11 16=da=0&email=0&email_count=0&email_count_incoming=0&email_count_outgoing=0&ftp=0&http=39916&http_homedir=0&http_ul=1984&imap=0&other=0&pop=0&total=39916
2020 11 17=da=0&email=0&email_count=0&email_count_incoming=0&email_count_outgoing=0&ftp=0&http=20820&http_homedir=0&http_ul=1318&imap=0&other=0&pop=0&total=20820
2020 11 18=da=0&email=0&email_count=0&email_count_incoming=0&email_count_outgoing=0&ftp=0&http=6204&http_homedir=0&http_ul=334&imap=0&other=0&pop=0&total=6204
2020 11 19=da=0&email=0&email_count=0&email_count_incoming=0&email_count_outgoing=0&ftp=0&http=284380&http_homedir=0&http_ul=23090&imap=0&other=0&pop=0&total=284380
2020 11 20=da=0&email=0&email_count=0&email_count_incoming=0&email_count_outgoing=0&ftp=0&http=257407&http_homedir=0&http_ul=15444&imap=0&other=0&pop=0&total=257407
2020 11 21=da=0&email=0&email_count=0&email_count_incoming=0&email_count_outgoing=0&ftp=0&http=182457&http_homedir=0&http_ul=17244&imap=0&other=0&pop=0&total=182457
2020 11 22=da=0&email=0&email_count=0&email_count_incoming=0&email_count_outgoing=0&ftp=0&http=360024&http_homedir=0&http_ul=29425&imap=0&other=0&pop=0&total=360024
2020 11 23=da=0&email=0&email_count=0&email_count_incoming=0&email_count_outgoing=0&ftp=0&http=83094&http_homedir=0&http_ul=3058&imap=0&other=0&pop=0&total=83094
2020 11 24=da=0&email=0&email_count=0&email_count_incoming=0&email_count_outgoing=0&ftp=0&http=22975&http_homedir=0&http_ul=1314&imap=0&other=0&pop=0&total=22975
2020 11 25=da=0&email=0&email_count=0&email_count_incoming=0&email_count_outgoing=0&ftp=0&http=39695&http_homedir=0&http_ul=5933&imap=0&other=0&pop=0&total=39695
2020 11 26=da=0&email=0&email_count=0&email_count_incoming=0&email_count_outgoing=0&ftp=0&http=67556&http_homedir=0&http_ul=5161&imap=0&other=0&pop=0&total=67556
2020 11 27=da=0&email=0&email_count=0&email_count_incoming=0&email_count_outgoing=0&ftp=0&http=48066&http_homedir=0&http_ul=4932&imap=0&other=0&pop=0&total=48066
2020 11 28=da=0&email=0&email_count=0&email_count_incoming=0&email_count_outgoing=0&ftp=0&http=854&http_homedir=0&http_ul=408&imap=0&other=0&pop=0&total=854
2020 11 29=da=0&email=0&email_count=0&email_count_incoming=0&email_count_outgoing=0&ftp=0&http=4123&http_homedir=0&http_ul=513&imap=0&other=0&pop=0&total=4123
simpletotal=7263830
total=da=0&email=0&email_count=0&email_count_incoming=0&email_count_outgoing=0&ftp=0&http=7263830&http_ul=571639&imap=0&other=0&pop=0&total=7263830
