2020 10 01=da=0&email=0&email_count=0&email_count_incoming=0&email_count_outgoing=0&ftp=0&http=365107&http_homedir=0&http_ul=32743&imap=0&other=0&pop=0&total=365107
2020 10 02=da=0&email=0&email_count=0&email_count_incoming=0&email_count_outgoing=0&ftp=0&http=31503&http_homedir=0&http_ul=3851&imap=0&other=0&pop=0&total=31503
2020 10 03=da=0&email=0&email_count=0&email_count_incoming=0&email_count_outgoing=0&ftp=0&http=114826&http_homedir=0&http_ul=20918&imap=0&other=0&pop=0&total=114826
2020 10 04=da=0&email=0&email_count=0&email_count_incoming=0&email_count_outgoing=0&ftp=0&http=14348&http_homedir=0&http_ul=641&imap=0&other=0&pop=0&total=14348
2020 10 05=da=0&email=0&email_count=0&email_count_incoming=0&email_count_outgoing=0&ftp=0&http=369428&http_homedir=0&http_ul=33749&imap=0&other=0&pop=0&total=369428
2020 10 06=da=0&email=0&email_count=0&email_count_incoming=0&email_count_outgoing=0&ftp=0&http=23426&http_homedir=0&http_ul=664&imap=0&other=0&pop=0&total=23426
2020 10 07=da=0&email=0&email_count=0&email_count_incoming=0&email_count_outgoing=0&ftp=0&http=4819&http_homedir=0&http_ul=705&imap=0&other=0&pop=0&total=4819
2020 10 08=da=0&email=0&email_count=0&email_count_incoming=0&email_count_outgoing=0&ftp=0&http=661816&http_homedir=0&http_ul=61671&imap=0&other=0&pop=0&total=661816
2020 10 09=da=0&email=0&email_count=0&email_count_incoming=0&email_count_outgoing=0&ftp=0&http=43117&http_homedir=0&http_ul=4976&imap=0&other=0&pop=0&total=43117
2020 10 10=da=0&email=0&email_count=0&email_count_incoming=0&email_count_outgoing=0&ftp=0&http=27554&http_homedir=0&http_ul=900&imap=0&other=0&pop=0&total=27554
2020 10 11=da=0&email=0&email_count=0&email_count_incoming=0&email_count_outgoing=0&ftp=0&http=708926&http_homedir=0&http_ul=58022&imap=0&other=0&pop=0&total=708926
2020 10 12=da=0&email=0&email_count=0&email_count_incoming=0&email_count_outgoing=0&ftp=0&http=36841&http_homedir=0&http_ul=2525&imap=0&other=0&pop=0&total=36841
2020 10 13=da=0&email=0&email_count=0&email_count_incoming=0&email_count_outgoing=0&ftp=0&http=368675&http_homedir=0&http_ul=30872&imap=0&other=0&pop=0&total=368675
2020 10 14=da=0&email=0&email_count=0&email_count_incoming=0&email_count_outgoing=0&ftp=0&http=48008&http_homedir=0&http_ul=2549&imap=0&other=0&pop=0&total=48008
2020 10 15=da=0&email=0&email_count=0&email_count_incoming=0&email_count_outgoing=0&ftp=0&http=20857&http_homedir=0&http_ul=1960&imap=0&other=0&pop=0&total=20857
2020 10 16=da=0&email=0&email_count=0&email_count_incoming=0&email_count_outgoing=0&ftp=0&http=8034&http_homedir=0&http_ul=1092&imap=0&other=0&pop=0&total=8034
2020 10 17=da=0&email=0&email_count=0&email_count_incoming=0&email_count_outgoing=0&ftp=0&http=568068&http_homedir=0&http_ul=20339&imap=0&other=0&pop=0&total=568068
2020 10 18=da=0&email=0&email_count=0&email_count_incoming=0&email_count_outgoing=0&ftp=0&http=4125&http_homedir=0&http_ul=513&imap=0&other=0&pop=0&total=4125
2020 10 19=da=0&email=0&email_count=0&email_count_incoming=0&email_count_outgoing=0&ftp=0&http=750816&http_homedir=0&http_ul=64872&imap=0&other=0&pop=0&total=750816
2020 10 20=da=0&email=0&email_count=0&email_count_incoming=0&email_count_outgoing=0&ftp=0&http=15373&http_homedir=0&http_ul=2849&imap=0&other=0&pop=0&total=15373
2020 10 21=da=0&email=0&email_count=0&email_count_incoming=0&email_count_outgoing=0&ftp=0&http=11995&http_homedir=0&http_ul=504&imap=0&other=0&pop=0&total=11995
2020 10 22=da=0&email=0&email_count=0&email_count_incoming=0&email_count_outgoing=0&ftp=0&http=13027&http_homedir=0&http_ul=923&imap=0&other=0&pop=0&total=13027
2020 10 23=da=0&email=0&email_count=0&email_count_incoming=0&email_count_outgoing=0&ftp=0&http=85113&http_homedir=0&http_ul=6886&imap=0&other=0&pop=0&total=85113
2020 10 24=da=0&email=0&email_count=0&email_count_incoming=0&email_count_outgoing=0&ftp=0&http=420939&http_homedir=0&http_ul=26540&imap=0&other=0&pop=0&total=420939
2020 10 25=da=0&email=0&email_count=0&email_count_incoming=0&email_count_outgoing=0&ftp=0&http=137014&http_homedir=0&http_ul=15625&imap=0&other=0&pop=0&total=137014
2020 10 26=da=0&email=0&email_count=0&email_count_incoming=0&email_count_outgoing=0&ftp=0&http=803861&http_homedir=0&http_ul=93783&imap=0&other=0&pop=0&total=803861
2020 10 27=da=0&email=0&email_count=0&email_count_incoming=0&email_count_outgoing=0&ftp=0&http=431715&http_homedir=0&http_ul=39999&imap=0&other=0&pop=0&total=431715
2020 10 28=da=0&email=0&email_count=0&email_count_incoming=0&email_count_outgoing=0&ftp=0&http=372889&http_homedir=0&http_ul=33491&imap=0&other=0&pop=0&total=372889
2020 10 29=da=0&email=0&email_count=0&email_count_incoming=0&email_count_outgoing=0&ftp=0&http=2650542&http_homedir=0&http_ul=222555&imap=0&other=0&pop=0&total=2650542
2020 10 30=da=0&email=0&email_count=0&email_count_incoming=0&email_count_outgoing=0&ftp=0&http=28726&http_homedir=0&http_ul=1480&imap=0&other=0&pop=0&total=28726
simpletotal=9141488
total=da=0&email=0&email_count=0&email_count_incoming=0&email_count_outgoing=0&ftp=0&http=9141488&http_ul=788197&imap=0&other=0&pop=0&total=9141488
