2021 05 01=da=0&email=0&email_count=0&email_count_incoming=0&email_count_outgoing=0&ftp=0&http=0&http_homedir=0&http_ul=0&imap=0&other=0&pop=0&total=0
2021 05 02=da=0&email=0&email_count=0&email_count_incoming=0&email_count_outgoing=0&ftp=0&http=0&http_homedir=0&http_ul=0&imap=0&other=0&pop=0&total=0
2021 05 03=da=0&email=0&email_count=0&email_count_incoming=0&email_count_outgoing=0&ftp=0&http=0&http_homedir=0&http_ul=0&imap=0&other=0&pop=0&total=0
2021 05 04=da=0&email=0&email_count=0&email_count_incoming=0&email_count_outgoing=0&ftp=0&http=0&http_homedir=0&http_ul=0&imap=0&other=0&pop=0&total=0
2021 05 05=da=0&email=0&email_count=0&email_count_incoming=0&email_count_outgoing=0&ftp=0&http=0&http_homedir=0&http_ul=0&imap=0&other=0&pop=0&total=0
2021 05 06=da=0&email=0&email_count=0&email_count_incoming=0&email_count_outgoing=0&ftp=0&http=0&http_homedir=0&http_ul=0&imap=0&other=0&pop=0&total=0
2021 05 07=da=0&email=0&email_count=0&email_count_incoming=0&email_count_outgoing=0&ftp=0&http=0&http_homedir=0&http_ul=0&imap=0&other=0&pop=0&total=0
2021 05 08=da=0&email=0&email_count=0&email_count_incoming=0&email_count_outgoing=0&ftp=0&http=0&http_homedir=0&http_ul=0&imap=0&other=0&pop=0&total=0
2021 05 09=da=0&email=0&email_count=0&email_count_incoming=0&email_count_outgoing=0&ftp=0&http=0&http_homedir=0&http_ul=0&imap=0&other=0&pop=0&total=0
2021 05 10=da=0&email=0&email_count=0&email_count_incoming=0&email_count_outgoing=0&ftp=0&http=0&http_homedir=0&http_ul=0&imap=0&other=0&pop=0&total=0
2021 05 11=da=0&email=0&email_count=0&email_count_incoming=0&email_count_outgoing=0&ftp=0&http=0&http_homedir=0&http_ul=0&imap=0&other=0&pop=0&total=0
2021 05 12=da=0&email=0&email_count=0&email_count_incoming=0&email_count_outgoing=0&ftp=0&http=0&http_homedir=0&http_ul=0&imap=0&other=0&pop=0&total=0
2021 05 13=da=0&email=0&email_count=0&email_count_incoming=0&email_count_outgoing=0&ftp=0&http=0&http_homedir=0&http_ul=0&imap=0&other=0&pop=0&total=0
2021 05 14=da=0&email=0&email_count=0&email_count_incoming=0&email_count_outgoing=0&ftp=0&http=0&http_homedir=0&http_ul=0&imap=0&other=0&pop=0&total=0
2021 05 15=da=0&email=0&email_count=0&email_count_incoming=0&email_count_outgoing=0&ftp=0&http=0&http_homedir=0&http_ul=0&imap=0&other=0&pop=0&total=0
2021 05 16=da=0&email=0&email_count=0&email_count_incoming=0&email_count_outgoing=0&ftp=0&http=0&http_homedir=0&http_ul=0&imap=0&other=0&pop=0&total=0
2021 05 17=da=516744&email=0&email_count=0&email_count_incoming=0&email_count_outgoing=0&ftp=0&http=0&http_homedir=0&http_ul=0&imap=0&other=0&pop=0&total=516744
2021 05 18=da=0&email=0&email_count=0&email_count_incoming=0&email_count_outgoing=0&ftp=0&http=0&http_homedir=0&http_ul=0&imap=0&other=0&pop=0&total=0
2021 05 19=da=0&email=0&email_count=0&email_count_incoming=0&email_count_outgoing=0&ftp=0&http=0&http_homedir=0&http_ul=0&imap=0&other=0&pop=0&total=0
2021 05 20=da=0&email=0&email_count=0&email_count_incoming=0&email_count_outgoing=0&ftp=0&http=0&http_homedir=0&http_ul=0&imap=0&other=0&pop=0&total=0
2021 05 21=da=0&email=0&email_count=0&email_count_incoming=0&email_count_outgoing=0&ftp=0&http=0&http_homedir=0&http_ul=0&imap=0&other=0&pop=0&total=0
2021 05 22=da=0&email=0&email_count=0&email_count_incoming=0&email_count_outgoing=0&ftp=0&http=0&http_homedir=0&http_ul=0&imap=0&other=0&pop=0&total=0
2021 05 23=da=0&email=0&email_count=0&email_count_incoming=0&email_count_outgoing=0&ftp=0&http=0&http_homedir=0&http_ul=0&imap=0&other=0&pop=0&total=0
2021 05 24=da=0&email=0&email_count=0&email_count_incoming=0&email_count_outgoing=0&ftp=0&http=0&http_homedir=0&http_ul=0&imap=0&other=0&pop=0&total=0
2021 05 25=da=0&email=0&email_count=0&email_count_incoming=0&email_count_outgoing=0&ftp=0&http=0&http_homedir=0&http_ul=0&imap=0&other=0&pop=0&total=0
2021 05 26=da=0&email=0&email_count=0&email_count_incoming=0&email_count_outgoing=0&ftp=0&http=0&http_homedir=0&http_ul=0&imap=0&other=0&pop=0&total=0
2021 05 27=da=0&email=0&email_count=0&email_count_incoming=0&email_count_outgoing=0&ftp=0&http=0&http_homedir=0&http_ul=0&imap=0&other=0&pop=0&total=0
2021 05 28=da=0&email=0&email_count=0&email_count_incoming=0&email_count_outgoing=0&ftp=0&http=0&http_homedir=0&http_ul=0&imap=0&other=0&pop=0&total=0
2021 05 29=da=0&email=0&email_count=0&email_count_incoming=0&email_count_outgoing=0&ftp=0&http=0&http_homedir=0&http_ul=0&imap=0&other=0&pop=0&total=0
2021 05 30=da=0&email=0&email_count=0&email_count_incoming=0&email_count_outgoing=0&ftp=0&http=0&http_homedir=0&http_ul=0&imap=0&other=0&pop=0&total=0
simpletotal=516744
total=da=516744&email=0&email_count=0&email_count_incoming=0&email_count_outgoing=0&ftp=0&http=0&http_ul=0&imap=0&other=0&pop=0&total=516744
